<?xml version="1.0" encoding="UTF-8"?>
<testng-results skipped="0" failed="4" total="21" passed="17">
  <reporter-output>
  </reporter-output>
  <suite name="Suite1" duration-ms="195959" started-at="2014-06-29T09:13:43Z" finished-at="2014-06-29T09:16:59Z">
    <groups>
    </groups>
    <test name="Test2" duration-ms="115094" started-at="2014-06-29T09:13:43Z" finished-at="2014-06-29T09:15:38Z">
      <class name="simple.FacebookTest">
        <test-method status="PASS" signature="openBroswer(java.lang.String)[pri:0, instance:simple.FacebookTest@1e956bd]" name="openBroswer" is-config="true" duration-ms="4995" started-at="2014-06-29T14:43:43Z" finished-at="2014-06-29T14:43:48Z">
          <params>
            <param index="0">
              <value>
                <![CDATA[IE]]>
              </value>
            </param>
          </params>
          <reporter-output>
          </reporter-output>
        </test-method> <!-- openBroswer -->
        <test-method status="PASS" signature="TitleCheck()[pri:0, instance:simple.FacebookTest@1e956bd]" name="TitleCheck" duration-ms="3589" started-at="2014-06-29T14:43:48Z" finished-at="2014-06-29T14:43:52Z">
          <reporter-output>
          </reporter-output>
        </test-method> <!-- TitleCheck -->
        <test-method status="PASS" signature="closeBrowser()[pri:0, instance:simple.FacebookTest@1e956bd]" name="closeBrowser" is-config="true" duration-ms="5402" started-at="2014-06-29T14:43:52Z" finished-at="2014-06-29T14:43:57Z">
          <reporter-output>
          </reporter-output>
        </test-method> <!-- closeBrowser -->
        <test-method status="PASS" signature="openBroswer(java.lang.String)[pri:0, instance:simple.FacebookTest@1e956bd]" name="openBroswer" is-config="true" duration-ms="5737" started-at="2014-06-29T14:43:57Z" finished-at="2014-06-29T14:44:03Z">
          <params>
            <param index="0">
              <value>
                <![CDATA[IE]]>
              </value>
            </param>
          </params>
          <reporter-output>
          </reporter-output>
        </test-method> <!-- openBroswer -->
        <test-method status="PASS" signature="enterTextbox()[pri:0, instance:simple.FacebookTest@1e956bd]" name="enterTextbox" duration-ms="8266" started-at="2014-06-29T14:44:03Z" finished-at="2014-06-29T14:44:11Z">
          <reporter-output>
          </reporter-output>
        </test-method> <!-- enterTextbox -->
        <test-method status="PASS" signature="closeBrowser()[pri:0, instance:simple.FacebookTest@1e956bd]" name="closeBrowser" is-config="true" duration-ms="1473" started-at="2014-06-29T14:44:11Z" finished-at="2014-06-29T14:44:13Z">
          <reporter-output>
          </reporter-output>
        </test-method> <!-- closeBrowser -->
        <test-method status="PASS" signature="openBroswer(java.lang.String)[pri:0, instance:simple.FacebookTest@1e956bd]" name="openBroswer" is-config="true" duration-ms="4308" started-at="2014-06-29T14:44:13Z" finished-at="2014-06-29T14:44:17Z">
          <params>
            <param index="0">
              <value>
                <![CDATA[IE]]>
              </value>
            </param>
          </params>
          <reporter-output>
          </reporter-output>
        </test-method> <!-- openBroswer -->
        <test-method status="PASS" signature="chooseBday()[pri:0, instance:simple.FacebookTest@1e956bd]" name="chooseBday" duration-ms="9183" started-at="2014-06-29T14:44:17Z" finished-at="2014-06-29T14:44:26Z">
          <reporter-output>
          </reporter-output>
        </test-method> <!-- chooseBday -->
        <test-method status="PASS" signature="closeBrowser()[pri:0, instance:simple.FacebookTest@1e956bd]" name="closeBrowser" is-config="true" duration-ms="1260" started-at="2014-06-29T14:44:26Z" finished-at="2014-06-29T14:44:28Z">
          <reporter-output>
          </reporter-output>
        </test-method> <!-- closeBrowser -->
        <test-method status="PASS" signature="openBroswer(java.lang.String)[pri:0, instance:simple.FacebookTest@1e956bd]" name="openBroswer" is-config="true" duration-ms="4047" started-at="2014-06-29T14:44:28Z" finished-at="2014-06-29T14:44:32Z">
          <params>
            <param index="0">
              <value>
                <![CDATA[IE]]>
              </value>
            </param>
          </params>
          <reporter-output>
          </reporter-output>
        </test-method> <!-- openBroswer -->
        <test-method status="PASS" signature="selectSex()[pri:0, instance:simple.FacebookTest@1e956bd]" name="selectSex" duration-ms="8239" started-at="2014-06-29T14:44:32Z" finished-at="2014-06-29T14:44:40Z">
          <reporter-output>
          </reporter-output>
        </test-method> <!-- selectSex -->
        <test-method status="PASS" signature="closeBrowser()[pri:0, instance:simple.FacebookTest@1e956bd]" name="closeBrowser" is-config="true" duration-ms="1178" started-at="2014-06-29T14:44:40Z" finished-at="2014-06-29T14:44:41Z">
          <reporter-output>
          </reporter-output>
        </test-method> <!-- closeBrowser -->
        <test-method status="PASS" signature="openBroswer(java.lang.String)[pri:0, instance:simple.FacebookTest@1e956bd]" name="openBroswer" is-config="true" duration-ms="4686" started-at="2014-06-29T14:44:41Z" finished-at="2014-06-29T14:44:46Z">
          <params>
            <param index="0">
              <value>
                <![CDATA[IE]]>
              </value>
            </param>
          </params>
          <reporter-output>
          </reporter-output>
        </test-method> <!-- openBroswer -->
        <test-method status="PASS" signature="selectchkbox()[pri:0, instance:simple.FacebookTest@1e956bd]" name="selectchkbox" duration-ms="6929" started-at="2014-06-29T14:44:46Z" finished-at="2014-06-29T14:44:53Z">
          <reporter-output>
          </reporter-output>
        </test-method> <!-- selectchkbox -->
        <test-method status="PASS" signature="closeBrowser()[pri:0, instance:simple.FacebookTest@1e956bd]" name="closeBrowser" is-config="true" duration-ms="1500" started-at="2014-06-29T14:44:53Z" finished-at="2014-06-29T14:44:54Z">
          <reporter-output>
          </reporter-output>
        </test-method> <!-- closeBrowser -->
        <test-method status="PASS" signature="openBroswer(java.lang.String)[pri:0, instance:simple.FacebookTest@1e956bd]" name="openBroswer" is-config="true" duration-ms="5001" started-at="2014-06-29T14:44:54Z" finished-at="2014-06-29T14:44:59Z">
          <params>
            <param index="0">
              <value>
                <![CDATA[IE]]>
              </value>
            </param>
          </params>
          <reporter-output>
          </reporter-output>
        </test-method> <!-- openBroswer -->
        <test-method status="PASS" signature="navigateLink()[pri:0, instance:simple.FacebookTest@1e956bd]" name="navigateLink" duration-ms="16538" started-at="2014-06-29T14:44:59Z" finished-at="2014-06-29T14:45:16Z">
          <reporter-output>
          </reporter-output>
        </test-method> <!-- navigateLink -->
        <test-method status="PASS" signature="closeBrowser()[pri:0, instance:simple.FacebookTest@1e956bd]" name="closeBrowser" is-config="true" duration-ms="1240" started-at="2014-06-29T14:45:16Z" finished-at="2014-06-29T14:45:17Z">
          <reporter-output>
          </reporter-output>
        </test-method> <!-- closeBrowser -->
        <test-method status="PASS" signature="openBroswer(java.lang.String)[pri:0, instance:simple.FacebookTest@1e956bd]" name="openBroswer" is-config="true" duration-ms="2834" started-at="2014-06-29T14:45:17Z" finished-at="2014-06-29T14:45:20Z">
          <params>
            <param index="0">
              <value>
                <![CDATA[IE]]>
              </value>
            </param>
          </params>
          <reporter-output>
          </reporter-output>
        </test-method> <!-- openBroswer -->
        <test-method status="FAIL" signature="validLogin()[pri:0, instance:simple.FacebookTest@1e956bd]" name="validLogin" duration-ms="17518" started-at="2014-06-29T14:45:20Z" finished-at="2014-06-29T14:45:37Z">
          <exception class="org.openqa.selenium.NoSuchElementException">
            <message>
              <![CDATA[Unable to find element with xpath == .//*[@id='pagelet_welcome_box']/div/div/div/div[2]/a[1] (WARNING: The server did not provide any stacktrace information)
Command duration or timeout: 304 milliseconds
For documentation on this error, please visit: http://seleniumhq.org/exceptions/no_such_element.html
Build info: version: '2.42.2', revision: '6a6995d31c7c56c340d6f45a76976d43506cd6cc', time: '2014-06-03 10:52:47'
System info: host: 'acer-PC', ip: '192.168.15.1', os.name: 'Windows 7', os.arch: 'x86', os.version: '6.1', java.version: '1.7.0_55'
Session ID: ccd48f1c-0cc8-4ef6-ae6e-0e4b78235896
Driver info: org.openqa.selenium.ie.InternetExplorerDriver
Capabilities [{platform=WINDOWS, javascriptEnabled=true, elementScrollBehavior=0, ignoreZoomSetting=false, enablePersistentHover=true, ie.ensureCleanSession=false, browserName=internet explorer, enableElementCacheCleanup=true, unexpectedAlertBehaviour=dismiss, version=8, ie.usePerProcessProxy=false, cssSelectorsEnabled=true, ignoreProtectedModeSettings=false, requireWindowFocus=false, handlesAlerts=true, initialBrowserUrl=http://localhost:36024/, ie.forceCreateProcessApi=false, nativeEvents=true, browserAttachTimeout=0, ie.browserCommandLineSwitches=, takesScreenshot=true}]]]>
            </message>
            <full-stacktrace>
              <![CDATA[org.openqa.selenium.NoSuchElementException: Unable to find element with xpath == .//*[@id='pagelet_welcome_box']/div/div/div/div[2]/a[1] (WARNING: The server did not provide any stacktrace information)
Command duration or timeout: 304 milliseconds
For documentation on this error, please visit: http://seleniumhq.org/exceptions/no_such_element.html
Build info: version: '2.42.2', revision: '6a6995d31c7c56c340d6f45a76976d43506cd6cc', time: '2014-06-03 10:52:47'
System info: host: 'acer-PC', ip: '192.168.15.1', os.name: 'Windows 7', os.arch: 'x86', os.version: '6.1', java.version: '1.7.0_55'
Session ID: ccd48f1c-0cc8-4ef6-ae6e-0e4b78235896
Driver info: org.openqa.selenium.ie.InternetExplorerDriver
Capabilities [{platform=WINDOWS, javascriptEnabled=true, elementScrollBehavior=0, ignoreZoomSetting=false, enablePersistentHover=true, ie.ensureCleanSession=false, browserName=internet explorer, enableElementCacheCleanup=true, unexpectedAlertBehaviour=dismiss, version=8, ie.usePerProcessProxy=false, cssSelectorsEnabled=true, ignoreProtectedModeSettings=false, requireWindowFocus=false, handlesAlerts=true, initialBrowserUrl=http://localhost:36024/, ie.forceCreateProcessApi=false, nativeEvents=true, browserAttachTimeout=0, ie.browserCommandLineSwitches=, takesScreenshot=true}]
	at sun.reflect.NativeConstructorAccessorImpl.newInstance0(Native Method)
	at sun.reflect.NativeConstructorAccessorImpl.newInstance(Unknown Source)
	at sun.reflect.DelegatingConstructorAccessorImpl.newInstance(Unknown Source)
	at java.lang.reflect.Constructor.newInstance(Unknown Source)
	at org.openqa.selenium.remote.ErrorHandler.createThrowable(ErrorHandler.java:204)
	at org.openqa.selenium.remote.ErrorHandler.throwIfResponseFailed(ErrorHandler.java:156)
	at org.openqa.selenium.remote.RemoteWebDriver.execute(RemoteWebDriver.java:599)
	at org.openqa.selenium.remote.RemoteWebDriver.findElement(RemoteWebDriver.java:352)
	at org.openqa.selenium.remote.RemoteWebDriver.findElementByXPath(RemoteWebDriver.java:449)
	at org.openqa.selenium.By$ByXPath.findElement(By.java:357)
	at org.openqa.selenium.remote.RemoteWebDriver.findElement(RemoteWebDriver.java:344)
	at simple.FacebookTest.validLogin(FacebookTest.java:149)
	at sun.reflect.NativeMethodAccessorImpl.invoke0(Native Method)
	at sun.reflect.NativeMethodAccessorImpl.invoke(Unknown Source)
	at sun.reflect.DelegatingMethodAccessorImpl.invoke(Unknown Source)
	at java.lang.reflect.Method.invoke(Unknown Source)
	at org.testng.internal.MethodInvocationHelper.invokeMethod(MethodInvocationHelper.java:84)
	at org.testng.internal.Invoker.invokeMethod(Invoker.java:714)
	at org.testng.internal.Invoker.invokeTestMethod(Invoker.java:901)
	at org.testng.internal.Invoker.invokeTestMethods(Invoker.java:1231)
	at org.testng.internal.TestMethodWorker.invokeTestMethods(TestMethodWorker.java:127)
	at org.testng.internal.TestMethodWorker.run(TestMethodWorker.java:111)
	at org.testng.TestRunner.privateRun(TestRunner.java:767)
	at org.testng.TestRunner.run(TestRunner.java:617)
	at org.testng.SuiteRunner.runTest(SuiteRunner.java:334)
	at org.testng.SuiteRunner.access$000(SuiteRunner.java:37)
	at org.testng.SuiteRunner$SuiteWorker.run(SuiteRunner.java:368)
	at org.testng.internal.thread.ThreadUtil$2.call(ThreadUtil.java:64)
	at java.util.concurrent.FutureTask.run(Unknown Source)
	at java.util.concurrent.ThreadPoolExecutor.runWorker(Unknown Source)
	at java.util.concurrent.ThreadPoolExecutor$Worker.run(Unknown Source)
	at java.lang.Thread.run(Unknown Source)
]]>
            </full-stacktrace>
          </exception> <!-- org.openqa.selenium.NoSuchElementException -->
          <reporter-output>
          </reporter-output>
        </test-method> <!-- validLogin -->
        <test-method status="PASS" signature="closeBrowser()[pri:0, instance:simple.FacebookTest@1e956bd]" name="closeBrowser" is-config="true" duration-ms="1127" started-at="2014-06-29T14:45:37Z" finished-at="2014-06-29T14:45:38Z">
          <reporter-output>
          </reporter-output>
        </test-method> <!-- closeBrowser -->
      </class> <!-- simple.FacebookTest -->
    </test> <!-- Test2 -->
    <test name="Test3" duration-ms="154634" started-at="2014-06-29T09:13:43Z" finished-at="2014-06-29T09:16:18Z">
      <class name="simple.FacebookTest">
        <test-method status="PASS" signature="openBroswer(java.lang.String)[pri:0, instance:simple.FacebookTest@83ca27]" name="openBroswer" is-config="true" duration-ms="3376" started-at="2014-06-29T14:43:43Z" finished-at="2014-06-29T14:43:47Z">
          <params>
            <param index="0">
              <value>
                <![CDATA[CH]]>
              </value>
            </param>
          </params>
          <reporter-output>
          </reporter-output>
        </test-method> <!-- openBroswer -->
        <test-method status="PASS" signature="TitleCheck()[pri:0, instance:simple.FacebookTest@83ca27]" name="TitleCheck" duration-ms="8052" started-at="2014-06-29T14:43:47Z" finished-at="2014-06-29T14:43:55Z">
          <reporter-output>
          </reporter-output>
        </test-method> <!-- TitleCheck -->
        <test-method status="PASS" signature="closeBrowser()[pri:0, instance:simple.FacebookTest@83ca27]" name="closeBrowser" is-config="true" duration-ms="3296" started-at="2014-06-29T14:43:55Z" finished-at="2014-06-29T14:43:58Z">
          <reporter-output>
          </reporter-output>
        </test-method> <!-- closeBrowser -->
        <test-method status="PASS" signature="openBroswer(java.lang.String)[pri:0, instance:simple.FacebookTest@83ca27]" name="openBroswer" is-config="true" duration-ms="3661" started-at="2014-06-29T14:43:58Z" finished-at="2014-06-29T14:44:02Z">
          <params>
            <param index="0">
              <value>
                <![CDATA[CH]]>
              </value>
            </param>
          </params>
          <reporter-output>
          </reporter-output>
        </test-method> <!-- openBroswer -->
        <test-method status="PASS" signature="enterTextbox()[pri:0, instance:simple.FacebookTest@83ca27]" name="enterTextbox" duration-ms="10566" started-at="2014-06-29T14:44:02Z" finished-at="2014-06-29T14:44:12Z">
          <reporter-output>
          </reporter-output>
        </test-method> <!-- enterTextbox -->
        <test-method status="PASS" signature="closeBrowser()[pri:0, instance:simple.FacebookTest@83ca27]" name="closeBrowser" is-config="true" duration-ms="4529" started-at="2014-06-29T14:44:12Z" finished-at="2014-06-29T14:44:17Z">
          <reporter-output>
          </reporter-output>
        </test-method> <!-- closeBrowser -->
        <test-method status="PASS" signature="openBroswer(java.lang.String)[pri:0, instance:simple.FacebookTest@83ca27]" name="openBroswer" is-config="true" duration-ms="3255" started-at="2014-06-29T14:44:17Z" finished-at="2014-06-29T14:44:20Z">
          <params>
            <param index="0">
              <value>
                <![CDATA[CH]]>
              </value>
            </param>
          </params>
          <reporter-output>
          </reporter-output>
        </test-method> <!-- openBroswer -->
        <test-method status="PASS" signature="chooseBday()[pri:0, instance:simple.FacebookTest@83ca27]" name="chooseBday" duration-ms="12935" started-at="2014-06-29T14:44:20Z" finished-at="2014-06-29T14:44:33Z">
          <reporter-output>
          </reporter-output>
        </test-method> <!-- chooseBday -->
        <test-method status="PASS" signature="closeBrowser()[pri:0, instance:simple.FacebookTest@83ca27]" name="closeBrowser" is-config="true" duration-ms="3916" started-at="2014-06-29T14:44:33Z" finished-at="2014-06-29T14:44:37Z">
          <reporter-output>
          </reporter-output>
        </test-method> <!-- closeBrowser -->
        <test-method status="PASS" signature="openBroswer(java.lang.String)[pri:0, instance:simple.FacebookTest@83ca27]" name="openBroswer" is-config="true" duration-ms="2943" started-at="2014-06-29T14:44:37Z" finished-at="2014-06-29T14:44:40Z">
          <params>
            <param index="0">
              <value>
                <![CDATA[CH]]>
              </value>
            </param>
          </params>
          <reporter-output>
          </reporter-output>
        </test-method> <!-- openBroswer -->
        <test-method status="PASS" signature="selectSex()[pri:0, instance:simple.FacebookTest@83ca27]" name="selectSex" duration-ms="11036" started-at="2014-06-29T14:44:40Z" finished-at="2014-06-29T14:44:51Z">
          <reporter-output>
          </reporter-output>
        </test-method> <!-- selectSex -->
        <test-method status="PASS" signature="closeBrowser()[pri:0, instance:simple.FacebookTest@83ca27]" name="closeBrowser" is-config="true" duration-ms="3483" started-at="2014-06-29T14:44:51Z" finished-at="2014-06-29T14:44:54Z">
          <reporter-output>
          </reporter-output>
        </test-method> <!-- closeBrowser -->
        <test-method status="PASS" signature="openBroswer(java.lang.String)[pri:0, instance:simple.FacebookTest@83ca27]" name="openBroswer" is-config="true" duration-ms="4011" started-at="2014-06-29T14:44:54Z" finished-at="2014-06-29T14:44:58Z">
          <params>
            <param index="0">
              <value>
                <![CDATA[CH]]>
              </value>
            </param>
          </params>
          <reporter-output>
          </reporter-output>
        </test-method> <!-- openBroswer -->
        <test-method status="PASS" signature="selectchkbox()[pri:0, instance:simple.FacebookTest@83ca27]" name="selectchkbox" duration-ms="8703" started-at="2014-06-29T14:44:58Z" finished-at="2014-06-29T14:45:07Z">
          <reporter-output>
          </reporter-output>
        </test-method> <!-- selectchkbox -->
        <test-method status="PASS" signature="closeBrowser()[pri:0, instance:simple.FacebookTest@83ca27]" name="closeBrowser" is-config="true" duration-ms="4018" started-at="2014-06-29T14:45:07Z" finished-at="2014-06-29T14:45:11Z">
          <reporter-output>
          </reporter-output>
        </test-method> <!-- closeBrowser -->
        <test-method status="PASS" signature="openBroswer(java.lang.String)[pri:0, instance:simple.FacebookTest@83ca27]" name="openBroswer" is-config="true" duration-ms="2437" started-at="2014-06-29T14:45:11Z" finished-at="2014-06-29T14:45:14Z">
          <params>
            <param index="0">
              <value>
                <![CDATA[CH]]>
              </value>
            </param>
          </params>
          <reporter-output>
          </reporter-output>
        </test-method> <!-- openBroswer -->
        <test-method status="FAIL" signature="navigateLink()[pri:0, instance:simple.FacebookTest@83ca27]" name="navigateLink" duration-ms="25475" started-at="2014-06-29T14:45:14Z" finished-at="2014-06-29T14:45:39Z">
          <exception class="org.openqa.selenium.NoSuchElementException">
            <message>
              <![CDATA[no such element
  (Session info: chrome=35.0.1916.153)
  (Driver info: chromedriver=2.9.248315,platform=Windows NT 6.1 x86_64) (WARNING: The server did not provide any stacktrace information)
Command duration or timeout: 21 milliseconds
For documentation on this error, please visit: http://seleniumhq.org/exceptions/no_such_element.html
Build info: version: '2.42.2', revision: '6a6995d31c7c56c340d6f45a76976d43506cd6cc', time: '2014-06-03 10:52:47'
System info: host: 'acer-PC', ip: '192.168.15.1', os.name: 'Windows 7', os.arch: 'x86', os.version: '6.1', java.version: '1.7.0_55'
Session ID: 27b1ede5b03e88df6df1cf7fc879cf68
Driver info: org.openqa.selenium.chrome.ChromeDriver
Capabilities [{platform=XP, acceptSslCerts=true, javascriptEnabled=true, browserName=chrome, chrome={userDataDir=C:\Users\NewUser\AppData\Local\Temp\scoped_dir8348_8620}, rotatable=false, locationContextEnabled=true, version=35.0.1916.153, takesHeapSnapshot=true, cssSelectorsEnabled=true, databaseEnabled=false, handlesAlerts=true, browserConnectionEnabled=false, nativeEvents=true, webStorageEnabled=true, applicationCacheEnabled=false, takesScreenshot=true}]]]>
            </message>
            <full-stacktrace>
              <![CDATA[org.openqa.selenium.NoSuchElementException: no such element
  (Session info: chrome=35.0.1916.153)
  (Driver info: chromedriver=2.9.248315,platform=Windows NT 6.1 x86_64) (WARNING: The server did not provide any stacktrace information)
Command duration or timeout: 21 milliseconds
For documentation on this error, please visit: http://seleniumhq.org/exceptions/no_such_element.html
Build info: version: '2.42.2', revision: '6a6995d31c7c56c340d6f45a76976d43506cd6cc', time: '2014-06-03 10:52:47'
System info: host: 'acer-PC', ip: '192.168.15.1', os.name: 'Windows 7', os.arch: 'x86', os.version: '6.1', java.version: '1.7.0_55'
Session ID: 27b1ede5b03e88df6df1cf7fc879cf68
Driver info: org.openqa.selenium.chrome.ChromeDriver
Capabilities [{platform=XP, acceptSslCerts=true, javascriptEnabled=true, browserName=chrome, chrome={userDataDir=C:\Users\NewUser\AppData\Local\Temp\scoped_dir8348_8620}, rotatable=false, locationContextEnabled=true, version=35.0.1916.153, takesHeapSnapshot=true, cssSelectorsEnabled=true, databaseEnabled=false, handlesAlerts=true, browserConnectionEnabled=false, nativeEvents=true, webStorageEnabled=true, applicationCacheEnabled=false, takesScreenshot=true}]
	at sun.reflect.NativeConstructorAccessorImpl.newInstance0(Native Method)
	at sun.reflect.NativeConstructorAccessorImpl.newInstance(Unknown Source)
	at sun.reflect.DelegatingConstructorAccessorImpl.newInstance(Unknown Source)
	at java.lang.reflect.Constructor.newInstance(Unknown Source)
	at org.openqa.selenium.remote.ErrorHandler.createThrowable(ErrorHandler.java:204)
	at org.openqa.selenium.remote.ErrorHandler.throwIfResponseFailed(ErrorHandler.java:156)
	at org.openqa.selenium.remote.RemoteWebDriver.execute(RemoteWebDriver.java:599)
	at org.openqa.selenium.remote.RemoteWebDriver.findElement(RemoteWebDriver.java:352)
	at org.openqa.selenium.remote.RemoteWebDriver.findElementById(RemoteWebDriver.java:393)
	at org.openqa.selenium.By$ById.findElement(By.java:214)
	at org.openqa.selenium.remote.RemoteWebDriver.findElement(RemoteWebDriver.java:344)
	at simple.FacebookTest.navigateLink(FacebookTest.java:127)
	at sun.reflect.NativeMethodAccessorImpl.invoke0(Native Method)
	at sun.reflect.NativeMethodAccessorImpl.invoke(Unknown Source)
	at sun.reflect.DelegatingMethodAccessorImpl.invoke(Unknown Source)
	at java.lang.reflect.Method.invoke(Unknown Source)
	at org.testng.internal.MethodInvocationHelper.invokeMethod(MethodInvocationHelper.java:84)
	at org.testng.internal.Invoker.invokeMethod(Invoker.java:714)
	at org.testng.internal.Invoker.invokeTestMethod(Invoker.java:901)
	at org.testng.internal.Invoker.invokeTestMethods(Invoker.java:1231)
	at org.testng.internal.TestMethodWorker.invokeTestMethods(TestMethodWorker.java:127)
	at org.testng.internal.TestMethodWorker.run(TestMethodWorker.java:111)
	at org.testng.TestRunner.privateRun(TestRunner.java:767)
	at org.testng.TestRunner.run(TestRunner.java:617)
	at org.testng.SuiteRunner.runTest(SuiteRunner.java:334)
	at org.testng.SuiteRunner.access$000(SuiteRunner.java:37)
	at org.testng.SuiteRunner$SuiteWorker.run(SuiteRunner.java:368)
	at org.testng.internal.thread.ThreadUtil$2.call(ThreadUtil.java:64)
	at java.util.concurrent.FutureTask.run(Unknown Source)
	at java.util.concurrent.ThreadPoolExecutor.runWorker(Unknown Source)
	at java.util.concurrent.ThreadPoolExecutor$Worker.run(Unknown Source)
	at java.lang.Thread.run(Unknown Source)
]]>
            </full-stacktrace>
          </exception> <!-- org.openqa.selenium.NoSuchElementException -->
          <reporter-output>
          </reporter-output>
        </test-method> <!-- navigateLink -->
        <test-method status="PASS" signature="closeBrowser()[pri:0, instance:simple.FacebookTest@83ca27]" name="closeBrowser" is-config="true" duration-ms="3058" started-at="2014-06-29T14:45:39Z" finished-at="2014-06-29T14:45:42Z">
          <reporter-output>
          </reporter-output>
        </test-method> <!-- closeBrowser -->
        <test-method status="PASS" signature="openBroswer(java.lang.String)[pri:0, instance:simple.FacebookTest@83ca27]" name="openBroswer" is-config="true" duration-ms="2636" started-at="2014-06-29T14:45:42Z" finished-at="2014-06-29T14:45:45Z">
          <params>
            <param index="0">
              <value>
                <![CDATA[CH]]>
              </value>
            </param>
          </params>
          <reporter-output>
          </reporter-output>
        </test-method> <!-- openBroswer -->
        <test-method status="PASS" signature="validLogin()[pri:0, instance:simple.FacebookTest@83ca27]" name="validLogin" duration-ms="30227" started-at="2014-06-29T14:45:45Z" finished-at="2014-06-29T14:46:15Z">
          <reporter-output>
          </reporter-output>
        </test-method> <!-- validLogin -->
        <test-method status="PASS" signature="closeBrowser()[pri:0, instance:simple.FacebookTest@83ca27]" name="closeBrowser" is-config="true" duration-ms="2992" started-at="2014-06-29T14:46:15Z" finished-at="2014-06-29T14:46:18Z">
          <reporter-output>
          </reporter-output>
        </test-method> <!-- closeBrowser -->
      </class> <!-- simple.FacebookTest -->
    </test> <!-- Test3 -->
    <test name="Test1" duration-ms="195959" started-at="2014-06-29T09:13:43Z" finished-at="2014-06-29T09:16:59Z">
      <class name="simple.FacebookTest">
        <test-method status="PASS" signature="openBroswer(java.lang.String)[pri:0, instance:simple.FacebookTest@544ca2]" name="openBroswer" is-config="true" duration-ms="10484" started-at="2014-06-29T14:43:43Z" finished-at="2014-06-29T14:43:54Z">
          <params>
            <param index="0">
              <value>
                <![CDATA[FF]]>
              </value>
            </param>
          </params>
          <reporter-output>
          </reporter-output>
        </test-method> <!-- openBroswer -->
        <test-method status="PASS" signature="TitleCheck()[pri:0, instance:simple.FacebookTest@544ca2]" name="TitleCheck" duration-ms="6126" started-at="2014-06-29T14:43:54Z" finished-at="2014-06-29T14:44:00Z">
          <reporter-output>
          </reporter-output>
        </test-method> <!-- TitleCheck -->
        <test-method status="PASS" signature="closeBrowser()[pri:0, instance:simple.FacebookTest@544ca2]" name="closeBrowser" is-config="true" duration-ms="478" started-at="2014-06-29T14:44:00Z" finished-at="2014-06-29T14:44:00Z">
          <reporter-output>
          </reporter-output>
        </test-method> <!-- closeBrowser -->
        <test-method status="PASS" signature="openBroswer(java.lang.String)[pri:0, instance:simple.FacebookTest@544ca2]" name="openBroswer" is-config="true" duration-ms="15370" started-at="2014-06-29T14:44:00Z" finished-at="2014-06-29T14:44:16Z">
          <params>
            <param index="0">
              <value>
                <![CDATA[FF]]>
              </value>
            </param>
          </params>
          <reporter-output>
          </reporter-output>
        </test-method> <!-- openBroswer -->
        <test-method status="PASS" signature="enterTextbox()[pri:0, instance:simple.FacebookTest@544ca2]" name="enterTextbox" duration-ms="8792" started-at="2014-06-29T14:44:16Z" finished-at="2014-06-29T14:44:25Z">
          <reporter-output>
          </reporter-output>
        </test-method> <!-- enterTextbox -->
        <test-method status="PASS" signature="closeBrowser()[pri:0, instance:simple.FacebookTest@544ca2]" name="closeBrowser" is-config="true" duration-ms="474" started-at="2014-06-29T14:44:25Z" finished-at="2014-06-29T14:44:25Z">
          <reporter-output>
          </reporter-output>
        </test-method> <!-- closeBrowser -->
        <test-method status="PASS" signature="openBroswer(java.lang.String)[pri:0, instance:simple.FacebookTest@544ca2]" name="openBroswer" is-config="true" duration-ms="25623" started-at="2014-06-29T14:44:25Z" finished-at="2014-06-29T14:44:51Z">
          <params>
            <param index="0">
              <value>
                <![CDATA[FF]]>
              </value>
            </param>
          </params>
          <reporter-output>
          </reporter-output>
        </test-method> <!-- openBroswer -->
        <test-method status="PASS" signature="chooseBday()[pri:0, instance:simple.FacebookTest@544ca2]" name="chooseBday" duration-ms="17360" started-at="2014-06-29T14:44:51Z" finished-at="2014-06-29T14:45:08Z">
          <reporter-output>
          </reporter-output>
        </test-method> <!-- chooseBday -->
        <test-method status="PASS" signature="closeBrowser()[pri:0, instance:simple.FacebookTest@544ca2]" name="closeBrowser" is-config="true" duration-ms="408" started-at="2014-06-29T14:45:08Z" finished-at="2014-06-29T14:45:08Z">
          <reporter-output>
          </reporter-output>
        </test-method> <!-- closeBrowser -->
        <test-method status="PASS" signature="openBroswer(java.lang.String)[pri:0, instance:simple.FacebookTest@544ca2]" name="openBroswer" is-config="true" duration-ms="9709" started-at="2014-06-29T14:45:08Z" finished-at="2014-06-29T14:45:18Z">
          <params>
            <param index="0">
              <value>
                <![CDATA[FF]]>
              </value>
            </param>
          </params>
          <reporter-output>
          </reporter-output>
        </test-method> <!-- openBroswer -->
        <test-method status="PASS" signature="selectSex()[pri:0, instance:simple.FacebookTest@544ca2]" name="selectSex" duration-ms="10885" started-at="2014-06-29T14:45:18Z" finished-at="2014-06-29T14:45:29Z">
          <reporter-output>
          </reporter-output>
        </test-method> <!-- selectSex -->
        <test-method status="PASS" signature="closeBrowser()[pri:0, instance:simple.FacebookTest@544ca2]" name="closeBrowser" is-config="true" duration-ms="325" started-at="2014-06-29T14:45:29Z" finished-at="2014-06-29T14:45:29Z">
          <reporter-output>
          </reporter-output>
        </test-method> <!-- closeBrowser -->
        <test-method status="PASS" signature="openBroswer(java.lang.String)[pri:0, instance:simple.FacebookTest@544ca2]" name="openBroswer" is-config="true" duration-ms="20822" started-at="2014-06-29T14:45:29Z" finished-at="2014-06-29T14:45:50Z">
          <params>
            <param index="0">
              <value>
                <![CDATA[FF]]>
              </value>
            </param>
          </params>
          <reporter-output>
          </reporter-output>
        </test-method> <!-- openBroswer -->
        <test-method status="PASS" signature="selectchkbox()[pri:0, instance:simple.FacebookTest@544ca2]" name="selectchkbox" duration-ms="7059" started-at="2014-06-29T14:45:50Z" finished-at="2014-06-29T14:45:57Z">
          <reporter-output>
          </reporter-output>
        </test-method> <!-- selectchkbox -->
        <test-method status="PASS" signature="closeBrowser()[pri:0, instance:simple.FacebookTest@544ca2]" name="closeBrowser" is-config="true" duration-ms="484" started-at="2014-06-29T14:45:57Z" finished-at="2014-06-29T14:45:58Z">
          <reporter-output>
          </reporter-output>
        </test-method> <!-- closeBrowser -->
        <test-method status="PASS" signature="openBroswer(java.lang.String)[pri:0, instance:simple.FacebookTest@544ca2]" name="openBroswer" is-config="true" duration-ms="26209" started-at="2014-06-29T14:45:58Z" finished-at="2014-06-29T14:46:24Z">
          <params>
            <param index="0">
              <value>
                <![CDATA[FF]]>
              </value>
            </param>
          </params>
          <reporter-output>
          </reporter-output>
        </test-method> <!-- openBroswer -->
        <test-method status="FAIL" signature="navigateLink()[pri:0, instance:simple.FacebookTest@544ca2]" name="navigateLink" duration-ms="12152" started-at="2014-06-29T14:46:24Z" finished-at="2014-06-29T14:46:36Z">
          <exception class="org.openqa.selenium.NoSuchElementException">
            <message>
              <![CDATA[Unable to locate element: {"method":"id","selector":"q_dashboard"}
Command duration or timeout: 1.03 seconds
For documentation on this error, please visit: http://seleniumhq.org/exceptions/no_such_element.html
Build info: version: '2.42.2', revision: '6a6995d31c7c56c340d6f45a76976d43506cd6cc', time: '2014-06-03 10:52:47'
System info: host: 'acer-PC', ip: '192.168.15.1', os.name: 'Windows 7', os.arch: 'x86', os.version: '6.1', java.version: '1.7.0_55'
Session ID: a6816b59-0637-4408-8422-c1db6b9b9a03
Driver info: org.openqa.selenium.firefox.FirefoxDriver
Capabilities [{platform=XP, acceptSslCerts=true, javascriptEnabled=true, cssSelectorsEnabled=true, databaseEnabled=true, browserName=firefox, handlesAlerts=true, browserConnectionEnabled=true, webStorageEnabled=true, nativeEvents=true, rotatable=false, locationContextEnabled=true, applicationCacheEnabled=true, takesScreenshot=true, version=29.0.1}]]]>
            </message>
            <full-stacktrace>
              <![CDATA[org.openqa.selenium.NoSuchElementException: Unable to locate element: {"method":"id","selector":"q_dashboard"}
Command duration or timeout: 1.03 seconds
For documentation on this error, please visit: http://seleniumhq.org/exceptions/no_such_element.html
Build info: version: '2.42.2', revision: '6a6995d31c7c56c340d6f45a76976d43506cd6cc', time: '2014-06-03 10:52:47'
System info: host: 'acer-PC', ip: '192.168.15.1', os.name: 'Windows 7', os.arch: 'x86', os.version: '6.1', java.version: '1.7.0_55'
Session ID: a6816b59-0637-4408-8422-c1db6b9b9a03
Driver info: org.openqa.selenium.firefox.FirefoxDriver
Capabilities [{platform=XP, acceptSslCerts=true, javascriptEnabled=true, cssSelectorsEnabled=true, databaseEnabled=true, browserName=firefox, handlesAlerts=true, browserConnectionEnabled=true, webStorageEnabled=true, nativeEvents=true, rotatable=false, locationContextEnabled=true, applicationCacheEnabled=true, takesScreenshot=true, version=29.0.1}]
	at sun.reflect.NativeConstructorAccessorImpl.newInstance0(Native Method)
	at sun.reflect.NativeConstructorAccessorImpl.newInstance(Unknown Source)
	at sun.reflect.DelegatingConstructorAccessorImpl.newInstance(Unknown Source)
	at java.lang.reflect.Constructor.newInstance(Unknown Source)
	at org.openqa.selenium.remote.ErrorHandler.createThrowable(ErrorHandler.java:204)
	at org.openqa.selenium.remote.ErrorHandler.throwIfResponseFailed(ErrorHandler.java:156)
	at org.openqa.selenium.remote.RemoteWebDriver.execute(RemoteWebDriver.java:599)
	at org.openqa.selenium.remote.RemoteWebDriver.findElement(RemoteWebDriver.java:352)
	at org.openqa.selenium.remote.RemoteWebDriver.findElementById(RemoteWebDriver.java:393)
	at org.openqa.selenium.By$ById.findElement(By.java:214)
	at org.openqa.selenium.remote.RemoteWebDriver.findElement(RemoteWebDriver.java:344)
	at simple.FacebookTest.navigateLink(FacebookTest.java:127)
	at sun.reflect.NativeMethodAccessorImpl.invoke0(Native Method)
	at sun.reflect.NativeMethodAccessorImpl.invoke(Unknown Source)
	at sun.reflect.DelegatingMethodAccessorImpl.invoke(Unknown Source)
	at java.lang.reflect.Method.invoke(Unknown Source)
	at org.testng.internal.MethodInvocationHelper.invokeMethod(MethodInvocationHelper.java:84)
	at org.testng.internal.Invoker.invokeMethod(Invoker.java:714)
	at org.testng.internal.Invoker.invokeTestMethod(Invoker.java:901)
	at org.testng.internal.Invoker.invokeTestMethods(Invoker.java:1231)
	at org.testng.internal.TestMethodWorker.invokeTestMethods(TestMethodWorker.java:127)
	at org.testng.internal.TestMethodWorker.run(TestMethodWorker.java:111)
	at org.testng.TestRunner.privateRun(TestRunner.java:767)
	at org.testng.TestRunner.run(TestRunner.java:617)
	at org.testng.SuiteRunner.runTest(SuiteRunner.java:334)
	at org.testng.SuiteRunner.access$000(SuiteRunner.java:37)
	at org.testng.SuiteRunner$SuiteWorker.run(SuiteRunner.java:368)
	at org.testng.internal.thread.ThreadUtil$2.call(ThreadUtil.java:64)
	at java.util.concurrent.FutureTask.run(Unknown Source)
	at java.util.concurrent.ThreadPoolExecutor.runWorker(Unknown Source)
	at java.util.concurrent.ThreadPoolExecutor$Worker.run(Unknown Source)
	at java.lang.Thread.run(Unknown Source)
Caused by: org.openqa.selenium.remote.ErrorHandler$UnknownServerException: Unable to locate element: {"method":"id","selector":"q_dashboard"}
Build info: version: '2.42.2', revision: '6a6995d31c7c56c340d6f45a76976d43506cd6cc', time: '2014-06-03 10:52:47'
System info: host: 'acer-PC', ip: '192.168.15.1', os.name: 'Windows 7', os.arch: 'x86', os.version: '6.1', java.version: '1.7.0_55'
Driver info: driver.version: unknown
	at <anonymous class>.FirefoxDriver.prototype.findElementInternal_(file:///C:/Users/NewUser/AppData/Local/Temp/anonymous6490539152640468036webdriver-profile/extensions/fxdriver@googlecode.com/components/driver_component.js:9470)
	at <anonymous class>.FirefoxDriver.prototype.findElement(file:///C:/Users/NewUser/AppData/Local/Temp/anonymous6490539152640468036webdriver-profile/extensions/fxdriver@googlecode.com/components/driver_component.js:9479)
	at <anonymous class>.DelayedCommand.prototype.executeInternal_/h(file:///C:/Users/NewUser/AppData/Local/Temp/anonymous6490539152640468036webdriver-profile/extensions/fxdriver@googlecode.com/components/command_processor.js:11455)
	at <anonymous class>.DelayedCommand.prototype.executeInternal_(file:///C:/Users/NewUser/AppData/Local/Temp/anonymous6490539152640468036webdriver-profile/extensions/fxdriver@googlecode.com/components/command_processor.js:11460)
	at <anonymous class>.DelayedCommand.prototype.execute/<(file:///C:/Users/NewUser/AppData/Local/Temp/anonymous6490539152640468036webdriver-profile/extensions/fxdriver@googlecode.com/components/command_processor.js:11402)
]]>
            </full-stacktrace>
          </exception> <!-- org.openqa.selenium.NoSuchElementException -->
          <reporter-output>
          </reporter-output>
        </test-method> <!-- navigateLink -->
        <test-method status="PASS" signature="closeBrowser()[pri:0, instance:simple.FacebookTest@544ca2]" name="closeBrowser" is-config="true" duration-ms="419" started-at="2014-06-29T14:46:36Z" finished-at="2014-06-29T14:46:37Z">
          <reporter-output>
          </reporter-output>
        </test-method> <!-- closeBrowser -->
        <test-method status="PASS" signature="openBroswer(java.lang.String)[pri:0, instance:simple.FacebookTest@544ca2]" name="openBroswer" is-config="true" duration-ms="6267" started-at="2014-06-29T14:46:37Z" finished-at="2014-06-29T14:46:43Z">
          <params>
            <param index="0">
              <value>
                <![CDATA[FF]]>
              </value>
            </param>
          </params>
          <reporter-output>
          </reporter-output>
        </test-method> <!-- openBroswer -->
        <test-method status="FAIL" signature="validLogin()[pri:0, instance:simple.FacebookTest@544ca2]" name="validLogin" duration-ms="13370" started-at="2014-06-29T14:46:43Z" finished-at="2014-06-29T14:46:56Z">
          <exception class="org.openqa.selenium.NoSuchElementException">
            <message>
              <![CDATA[Unable to locate element: {"method":"xpath","selector":".//*[@id='pagelet_welcome_box']/div/div/div/div[2]/a[1]"}
Command duration or timeout: 5.30 seconds
For documentation on this error, please visit: http://seleniumhq.org/exceptions/no_such_element.html
Build info: version: '2.42.2', revision: '6a6995d31c7c56c340d6f45a76976d43506cd6cc', time: '2014-06-03 10:52:47'
System info: host: 'acer-PC', ip: '192.168.15.1', os.name: 'Windows 7', os.arch: 'x86', os.version: '6.1', java.version: '1.7.0_55'
Session ID: eea01cda-c8ba-4392-a6c6-89045fc0dd55
Driver info: org.openqa.selenium.firefox.FirefoxDriver
Capabilities [{platform=XP, acceptSslCerts=true, javascriptEnabled=true, cssSelectorsEnabled=true, databaseEnabled=true, browserName=firefox, handlesAlerts=true, browserConnectionEnabled=true, webStorageEnabled=true, nativeEvents=true, rotatable=false, locationContextEnabled=true, applicationCacheEnabled=true, takesScreenshot=true, version=29.0.1}]]]>
            </message>
            <full-stacktrace>
              <![CDATA[org.openqa.selenium.NoSuchElementException: Unable to locate element: {"method":"xpath","selector":".//*[@id='pagelet_welcome_box']/div/div/div/div[2]/a[1]"}
Command duration or timeout: 5.30 seconds
For documentation on this error, please visit: http://seleniumhq.org/exceptions/no_such_element.html
Build info: version: '2.42.2', revision: '6a6995d31c7c56c340d6f45a76976d43506cd6cc', time: '2014-06-03 10:52:47'
System info: host: 'acer-PC', ip: '192.168.15.1', os.name: 'Windows 7', os.arch: 'x86', os.version: '6.1', java.version: '1.7.0_55'
Session ID: eea01cda-c8ba-4392-a6c6-89045fc0dd55
Driver info: org.openqa.selenium.firefox.FirefoxDriver
Capabilities [{platform=XP, acceptSslCerts=true, javascriptEnabled=true, cssSelectorsEnabled=true, databaseEnabled=true, browserName=firefox, handlesAlerts=true, browserConnectionEnabled=true, webStorageEnabled=true, nativeEvents=true, rotatable=false, locationContextEnabled=true, applicationCacheEnabled=true, takesScreenshot=true, version=29.0.1}]
	at sun.reflect.NativeConstructorAccessorImpl.newInstance0(Native Method)
	at sun.reflect.NativeConstructorAccessorImpl.newInstance(Unknown Source)
	at sun.reflect.DelegatingConstructorAccessorImpl.newInstance(Unknown Source)
	at java.lang.reflect.Constructor.newInstance(Unknown Source)
	at org.openqa.selenium.remote.ErrorHandler.createThrowable(ErrorHandler.java:204)
	at org.openqa.selenium.remote.ErrorHandler.throwIfResponseFailed(ErrorHandler.java:156)
	at org.openqa.selenium.remote.RemoteWebDriver.execute(RemoteWebDriver.java:599)
	at org.openqa.selenium.remote.RemoteWebDriver.findElement(RemoteWebDriver.java:352)
	at org.openqa.selenium.remote.RemoteWebDriver.findElementByXPath(RemoteWebDriver.java:449)
	at org.openqa.selenium.By$ByXPath.findElement(By.java:357)
	at org.openqa.selenium.remote.RemoteWebDriver.findElement(RemoteWebDriver.java:344)
	at simple.FacebookTest.validLogin(FacebookTest.java:149)
	at sun.reflect.NativeMethodAccessorImpl.invoke0(Native Method)
	at sun.reflect.NativeMethodAccessorImpl.invoke(Unknown Source)
	at sun.reflect.DelegatingMethodAccessorImpl.invoke(Unknown Source)
	at java.lang.reflect.Method.invoke(Unknown Source)
	at org.testng.internal.MethodInvocationHelper.invokeMethod(MethodInvocationHelper.java:84)
	at org.testng.internal.Invoker.invokeMethod(Invoker.java:714)
	at org.testng.internal.Invoker.invokeTestMethod(Invoker.java:901)
	at org.testng.internal.Invoker.invokeTestMethods(Invoker.java:1231)
	at org.testng.internal.TestMethodWorker.invokeTestMethods(TestMethodWorker.java:127)
	at org.testng.internal.TestMethodWorker.run(TestMethodWorker.java:111)
	at org.testng.TestRunner.privateRun(TestRunner.java:767)
	at org.testng.TestRunner.run(TestRunner.java:617)
	at org.testng.SuiteRunner.runTest(SuiteRunner.java:334)
	at org.testng.SuiteRunner.access$000(SuiteRunner.java:37)
	at org.testng.SuiteRunner$SuiteWorker.run(SuiteRunner.java:368)
	at org.testng.internal.thread.ThreadUtil$2.call(ThreadUtil.java:64)
	at java.util.concurrent.FutureTask.run(Unknown Source)
	at java.util.concurrent.ThreadPoolExecutor.runWorker(Unknown Source)
	at java.util.concurrent.ThreadPoolExecutor$Worker.run(Unknown Source)
	at java.lang.Thread.run(Unknown Source)
Caused by: org.openqa.selenium.remote.ErrorHandler$UnknownServerException: Unable to locate element: {"method":"xpath","selector":".//*[@id='pagelet_welcome_box']/div/div/div/div[2]/a[1]"}
Build info: version: '2.42.2', revision: '6a6995d31c7c56c340d6f45a76976d43506cd6cc', time: '2014-06-03 10:52:47'
System info: host: 'acer-PC', ip: '192.168.15.1', os.name: 'Windows 7', os.arch: 'x86', os.version: '6.1', java.version: '1.7.0_55'
Driver info: driver.version: unknown
	at <anonymous class>.FirefoxDriver.prototype.findElementInternal_(file:///C:/Users/NewUser/AppData/Local/Temp/anonymous4800963668520619961webdriver-profile/extensions/fxdriver@googlecode.com/components/driver_component.js:9470)
	at <anonymous class>.FirefoxDriver.prototype.findElement(file:///C:/Users/NewUser/AppData/Local/Temp/anonymous4800963668520619961webdriver-profile/extensions/fxdriver@googlecode.com/components/driver_component.js:9479)
	at <anonymous class>.DelayedCommand.prototype.executeInternal_/h(file:///C:/Users/NewUser/AppData/Local/Temp/anonymous4800963668520619961webdriver-profile/extensions/fxdriver@googlecode.com/components/command_processor.js:11455)
	at <anonymous class>.DelayedCommand.prototype.executeInternal_(file:///C:/Users/NewUser/AppData/Local/Temp/anonymous4800963668520619961webdriver-profile/extensions/fxdriver@googlecode.com/components/command_processor.js:11460)
	at <anonymous class>.DelayedCommand.prototype.execute/<(file:///C:/Users/NewUser/AppData/Local/Temp/anonymous4800963668520619961webdriver-profile/extensions/fxdriver@googlecode.com/components/command_processor.js:11402)
]]>
            </full-stacktrace>
          </exception> <!-- org.openqa.selenium.NoSuchElementException -->
          <reporter-output>
          </reporter-output>
        </test-method> <!-- validLogin -->
        <test-method status="FAIL" signature="closeBrowser()[pri:0, instance:simple.FacebookTest@544ca2]" name="closeBrowser" is-config="true" duration-ms="0" started-at="2014-06-29T14:46:56Z" finished-at="2014-06-29T14:46:56Z">
          <exception class="org.openqa.selenium.remote.UnreachableBrowserException">
            <message>
              <![CDATA[Error communicating with the remote browser. It may have died.
Build info: version: '2.42.2', revision: '6a6995d31c7c56c340d6f45a76976d43506cd6cc', time: '2014-06-03 10:52:47'
System info: host: 'acer-PC', ip: '192.168.15.1', os.name: 'Windows 7', os.arch: 'x86', os.version: '6.1', java.version: '1.7.0_55'
Driver info: driver.version: RemoteWebDriver]]>
            </message>
            <full-stacktrace>
              <![CDATA[org.openqa.selenium.remote.UnreachableBrowserException: Error communicating with the remote browser. It may have died.
Build info: version: '2.42.2', revision: '6a6995d31c7c56c340d6f45a76976d43506cd6cc', time: '2014-06-03 10:52:47'
System info: host: 'acer-PC', ip: '192.168.15.1', os.name: 'Windows 7', os.arch: 'x86', os.version: '6.1', java.version: '1.7.0_55'
Driver info: driver.version: RemoteWebDriver
	at org.openqa.selenium.remote.RemoteWebDriver.execute(RemoteWebDriver.java:593)
	at org.openqa.selenium.remote.RemoteWebDriver.execute(RemoteWebDriver.java:614)
	at org.openqa.selenium.remote.RemoteWebDriver.quit(RemoteWebDriver.java:468)
	at simple.BaseBrowser.closeBrowser(BaseBrowser.java:49)
	at sun.reflect.GeneratedMethodAccessor18.invoke(Unknown Source)
	at sun.reflect.DelegatingMethodAccessorImpl.invoke(Unknown Source)
	at java.lang.reflect.Method.invoke(Unknown Source)
	at org.testng.internal.MethodInvocationHelper.invokeMethod(MethodInvocationHelper.java:84)
	at org.testng.internal.Invoker.invokeConfigurationMethod(Invoker.java:564)
	at org.testng.internal.Invoker.invokeConfigurations(Invoker.java:213)
	at org.testng.internal.Invoker.invokeMethod(Invoker.java:786)
	at org.testng.internal.Invoker.invokeTestMethod(Invoker.java:901)
	at org.testng.internal.Invoker.invokeTestMethods(Invoker.java:1231)
	at org.testng.internal.TestMethodWorker.invokeTestMethods(TestMethodWorker.java:127)
	at org.testng.internal.TestMethodWorker.run(TestMethodWorker.java:111)
	at org.testng.TestRunner.privateRun(TestRunner.java:767)
	at org.testng.TestRunner.run(TestRunner.java:617)
	at org.testng.SuiteRunner.runTest(SuiteRunner.java:334)
	at org.testng.SuiteRunner.access$000(SuiteRunner.java:37)
	at org.testng.SuiteRunner$SuiteWorker.run(SuiteRunner.java:368)
	at org.testng.internal.thread.ThreadUtil$2.call(ThreadUtil.java:64)
	at java.util.concurrent.FutureTask.run(Unknown Source)
	at java.util.concurrent.ThreadPoolExecutor.runWorker(Unknown Source)
	at java.util.concurrent.ThreadPoolExecutor$Worker.run(Unknown Source)
	at java.lang.Thread.run(Unknown Source)
Caused by: org.apache.http.conn.HttpHostConnectException: Connect to 127.0.0.1:7055 [/127.0.0.1] failed: Connection refused: connect
	at org.apache.http.impl.conn.HttpClientConnectionOperator.connect(HttpClientConnectionOperator.java:138)
	at org.apache.http.impl.conn.PoolingHttpClientConnectionManager.connect(PoolingHttpClientConnectionManager.java:314)
	at org.apache.http.impl.execchain.MainClientExec.establishRoute(MainClientExec.java:363)
	at org.apache.http.impl.execchain.MainClientExec.execute(MainClientExec.java:219)
	at org.apache.http.impl.execchain.ProtocolExec.execute(ProtocolExec.java:195)
	at org.apache.http.impl.execchain.RetryExec.execute(RetryExec.java:85)
	at org.apache.http.impl.execchain.RedirectExec.execute(RedirectExec.java:108)
	at org.apache.http.impl.client.InternalHttpClient.doExecute(InternalHttpClient.java:186)
	at org.apache.http.impl.client.CloseableHttpClient.execute(CloseableHttpClient.java:72)
	at org.apache.http.impl.client.CloseableHttpClient.execute(CloseableHttpClient.java:57)
	at org.openqa.selenium.remote.HttpCommandExecutor.fallBackExecute(HttpCommandExecutor.java:204)
	at org.openqa.selenium.remote.HttpCommandExecutor.execute(HttpCommandExecutor.java:173)
	at org.openqa.selenium.firefox.internal.NewProfileExtensionConnection.execute(NewProfileExtensionConnection.java:165)
	at org.openqa.selenium.firefox.FirefoxDriver$LazyCommandExecutor.execute(FirefoxDriver.java:362)
	at org.openqa.selenium.remote.RemoteWebDriver.execute(RemoteWebDriver.java:572)
	... 24 more
Caused by: java.net.ConnectException: Connection refused: connect
	at java.net.DualStackPlainSocketImpl.waitForConnect(Native Method)
	at java.net.DualStackPlainSocketImpl.socketConnect(Unknown Source)
	at java.net.AbstractPlainSocketImpl.doConnect(Unknown Source)
	at java.net.AbstractPlainSocketImpl.connectToAddress(Unknown Source)
	at java.net.AbstractPlainSocketImpl.connect(Unknown Source)
	at java.net.PlainSocketImpl.connect(Unknown Source)
	at java.net.SocksSocketImpl.connect(Unknown Source)
	at java.net.Socket.connect(Unknown Source)
	at org.apache.http.conn.socket.PlainConnectionSocketFactory.connectSocket(PlainConnectionSocketFactory.java:72)
	at org.apache.http.impl.conn.HttpClientConnectionOperator.connect(HttpClientConnectionOperator.java:118)
	... 38 more
]]>
            </full-stacktrace>
          </exception> <!-- org.openqa.selenium.remote.UnreachableBrowserException -->
          <reporter-output>
          </reporter-output>
        </test-method> <!-- closeBrowser -->
      </class> <!-- simple.FacebookTest -->
    </test> <!-- Test1 -->
  </suite> <!-- Suite1 -->
</testng-results>
