<?xml version="1.0" encoding="UTF-8"?>
<!-- Generated by org.testng.reporters.JUnitXMLReporter -->
<testsuite hostname="acer-PC" name="Default test" tests="7" failures="0" timestamp="29 Jun 2014 08:11:32 GMT" time="0.064" errors="0">
  <testcase name="@BeforeMethod openBroswer" time="0.0" classname="simple.FacebookTest">
    <failure type="org.testng.TestNGException" message="
Parameter &amp;apos;browser&amp;apos; is required by @Configuration on method openBroswer but has not been marked @Optional or defined
in C:\Users\NewUser\AppData\Local\Temp\testng-eclipse--1704906250\testng-customsuite.xml">
      <![CDATA[org.testng.TestNGException: 
Parameter 'browser' is required by @Configuration on method openBroswer but has not been marked @Optional or defined
in C:\Users\NewUser\AppData\Local\Temp\testng-eclipse--1704906250\testng-customsuite.xml
	at org.testng.internal.Parameters.createParameters(Parameters.java:155)
	at org.testng.internal.Parameters.createParameters(Parameters.java:358)
	at org.testng.internal.Parameters.createConfigurationParameters(Parameters.java:86)
	at org.testng.internal.Invoker.invokeConfigurations(Invoker.java:199)
	at org.testng.internal.Invoker.invokeMethod(Invoker.java:653)
	at org.testng.internal.Invoker.invokeTestMethod(Invoker.java:901)
	at org.testng.internal.Invoker.invokeTestMethods(Invoker.java:1231)
	at org.testng.internal.TestMethodWorker.invokeTestMethods(TestMethodWorker.java:127)
	at org.testng.internal.TestMethodWorker.run(TestMethodWorker.java:111)
	at org.testng.TestRunner.privateRun(TestRunner.java:767)
	at org.testng.TestRunner.run(TestRunner.java:617)
	at org.testng.SuiteRunner.runTest(SuiteRunner.java:334)
	at org.testng.SuiteRunner.runSequentially(SuiteRunner.java:329)
	at org.testng.SuiteRunner.privateRun(SuiteRunner.java:291)
	at org.testng.SuiteRunner.run(SuiteRunner.java:240)
	at org.testng.SuiteRunnerWorker.runSuite(SuiteRunnerWorker.java:52)
	at org.testng.SuiteRunnerWorker.run(SuiteRunnerWorker.java:86)
	at org.testng.TestNG.runSuitesSequentially(TestNG.java:1224)
	at org.testng.TestNG.runSuitesLocally(TestNG.java:1149)
	at org.testng.TestNG.run(TestNG.java:1057)
	at org.testng.remote.RemoteTestNG.run(RemoteTestNG.java:111)
	at org.testng.remote.RemoteTestNG.initAndRun(RemoteTestNG.java:204)
	at org.testng.remote.RemoteTestNG.main(RemoteTestNG.java:175)
]]>
    </failure>
  </testcase> <!-- @BeforeMethod openBroswer -->
  <testcase name="@AfterMethod closeBrowser" time="0.0" classname="simple.FacebookTest">
    <skipped/>
  </testcase> <!-- @AfterMethod closeBrowser -->
  <testcase name="@BeforeMethod openBroswer" time="0.0" classname="simple.FacebookTest">
    <skipped/>
  </testcase> <!-- @BeforeMethod openBroswer -->
  <testcase name="@AfterMethod closeBrowser" time="0.0" classname="simple.FacebookTest">
    <skipped/>
  </testcase> <!-- @AfterMethod closeBrowser -->
  <testcase name="@BeforeMethod openBroswer" time="0.0" classname="simple.FacebookTest">
    <skipped/>
  </testcase> <!-- @BeforeMethod openBroswer -->
  <testcase name="@AfterMethod closeBrowser" time="0.0" classname="simple.FacebookTest">
    <skipped/>
  </testcase> <!-- @AfterMethod closeBrowser -->
  <testcase name="@BeforeMethod openBroswer" time="0.0" classname="simple.FacebookTest">
    <skipped/>
  </testcase> <!-- @BeforeMethod openBroswer -->
  <testcase name="@AfterMethod closeBrowser" time="0.0" classname="simple.FacebookTest">
    <skipped/>
  </testcase> <!-- @AfterMethod closeBrowser -->
  <testcase name="@BeforeMethod openBroswer" time="0.0" classname="simple.FacebookTest">
    <skipped/>
  </testcase> <!-- @BeforeMethod openBroswer -->
  <testcase name="@AfterMethod closeBrowser" time="0.0" classname="simple.FacebookTest">
    <skipped/>
  </testcase> <!-- @AfterMethod closeBrowser -->
  <testcase name="@BeforeMethod openBroswer" time="0.0" classname="simple.FacebookTest">
    <skipped/>
  </testcase> <!-- @BeforeMethod openBroswer -->
  <testcase name="@AfterMethod closeBrowser" time="0.0" classname="simple.FacebookTest">
    <skipped/>
  </testcase> <!-- @AfterMethod closeBrowser -->
  <testcase name="@BeforeMethod openBroswer" time="0.0" classname="simple.FacebookTest">
    <skipped/>
  </testcase> <!-- @BeforeMethod openBroswer -->
  <testcase name="@AfterMethod closeBrowser" time="0.0" classname="simple.FacebookTest">
    <skipped/>
  </testcase> <!-- @AfterMethod closeBrowser -->
  <testcase name="TitleCheck" time="0.006" classname="simple.FacebookTest">
    <skipped/>
  </testcase> <!-- TitleCheck -->
  <testcase name="enterTextbox" time="0.001" classname="simple.FacebookTest">
    <skipped/>
  </testcase> <!-- enterTextbox -->
  <testcase name="chooseBday" time="0.0" classname="simple.FacebookTest">
    <skipped/>
  </testcase> <!-- chooseBday -->
  <testcase name="selectSex" time="0.0" classname="simple.FacebookTest">
    <skipped/>
  </testcase> <!-- selectSex -->
  <testcase name="selectchkbox" time="0.001" classname="simple.FacebookTest">
    <skipped/>
  </testcase> <!-- selectchkbox -->
  <testcase name="navigateLink" time="0.001" classname="simple.FacebookTest">
    <skipped/>
  </testcase> <!-- navigateLink -->
  <testcase name="validLogin" time="0.001" classname="simple.FacebookTest">
    <skipped/>
  </testcase> <!-- validLogin -->
</testsuite> <!-- Default test -->
